<?xml version="1.0" encoding="UTF-8"?>
<!-- Generated by org.testng.reporters.JUnitXMLReporter -->
<testsuite hostname="Khophanmem24h" ignored="0" name="Run on CHROME" tests="1" failures="1" timestamp="14 Sep 2020 15:33:48 GMT" time="71.231" errors="0">
  <testcase name="TC_Post_01_Create_New_Post_At_Admin_Page" time="56.047" classname="com.wordpress.post.Post_01_Create_View_Edit_Delete">
    <failure type="org.openqa.selenium.TimeoutException" message="Expected condition failed: waiting for visibility of element located by By.xpath: //a[text()=&amp;apos;NEW LIVE CODING&amp;apos;]/parent::p/following-sibling::h2/a[text()=&amp;apos;[QUANNT] NEW POST TITLE76427&amp;apos;]/parent::h2/following-sibling::p/a[text()=&amp;apos;14/09/2020&amp;apos;] (tried for 30 second(s) with 500 milliseconds interval)">
      <![CDATA[org.openqa.selenium.TimeoutException: Expected condition failed: waiting for visibility of element located by By.xpath: //a[text()='NEW LIVE CODING']/parent::p/following-sibling::h2/a[text()='[QUANNT] NEW POST TITLE76427']/parent::h2/following-sibling::p/a[text()='14/09/2020'] (tried for 30 second(s) with 500 milliseconds interval)
at org.openqa.selenium.support.ui.WebDriverWait.timeoutException(WebDriverWait.java:95)
at org.openqa.selenium.support.ui.FluentWait.until(FluentWait.java:272)
at commons.AbstractPage.waitElementVisible(AbstractPage.java:428)
at pageObject.wordPress.user.HomePageObject.isNewPostDisplayedOnLatestPost(HomePageObject.java:26)
at com.wordpress.post.Post_01_Create_View_Edit_Delete.TC_Post_01_Create_New_Post_At_Admin_Page(Post_01_Create_View_Edit_Delete.java:81)
at java.util.concurrent.FutureTask.run(FutureTask.java:266)
at java.util.concurrent.ThreadPoolExecutor.runWorker(ThreadPoolExecutor.java:1149)
at java.util.concurrent.ThreadPoolExecutor$Worker.run(ThreadPoolExecutor.java:624)
at java.lang.Thread.run(Thread.java:748)
Caused by: org.openqa.selenium.NoSuchElementException: no such element: Unable to locate element: {"method":"xpath","selector":"//a[text()='NEW LIVE CODING']/parent::p/following-sibling::h2/a[text()='[QUANNT] NEW POST TITLE76427']/parent::h2/following-sibling::p/a[text()='14/09/2020']"}
  (Session info: chrome=85.0.4183.102)
For documentation on this error, please visit: https://www.seleniumhq.org/exceptions/no_such_element.html
Build info: version: '3.141.59', revision: 'e82be7d358', time: '2018-11-14T08:25:53'
System info: host: 'KHOPHANMEM24H', ip: '192.168.0.102', os.name: 'Windows 7', os.arch: 'amd64', os.version: '6.1', java.version: '1.8.0_211'
Driver info: org.openqa.selenium.chrome.ChromeDriver
Capabilities {acceptInsecureCerts: false, browserName: chrome, browserVersion: 85.0.4183.102, chrome: {chromedriverVersion: 85.0.4183.87 (cd6713ebf92fa..., userDataDir: C:\Users\Admin\AppData\Loca...}, goog:chromeOptions: {debuggerAddress: localhost:56341}, javascriptEnabled: true, networkConnectionEnabled: false, pageLoadStrategy: normal, platform: WINDOWS, platformName: WINDOWS, proxy: Proxy(), setWindowRect: true, strictFileInteractability: false, timeouts: {implicit: 0, pageLoad: 300000, script: 30000}, unhandledPromptBehavior: dismiss and notify, webauthn:virtualAuthenticators: true}
Session ID: bb6c52e040a52f2a644e7cc21e3c455a
*** Element info: {Using=xpath, value=//a[text()='NEW LIVE CODING']/parent::p/following-sibling::h2/a[text()='[QUANNT] NEW POST TITLE76427']/parent::h2/following-sibling::p/a[text()='14/09/2020']}
at org.openqa.selenium.remote.http.W3CHttpResponseCodec.createException(W3CHttpResponseCodec.java:187)
at org.openqa.selenium.remote.http.W3CHttpResponseCodec.decode(W3CHttpResponseCodec.java:122)
at org.openqa.selenium.remote.http.W3CHttpResponseCodec.decode(W3CHttpResponseCodec.java:49)
at org.openqa.selenium.remote.HttpCommandExecutor.execute(HttpCommandExecutor.java:158)
at org.openqa.selenium.remote.service.DriverCommandExecutor.execute(DriverCommandExecutor.java:83)
at org.openqa.selenium.remote.RemoteWebDriver.execute(RemoteWebDriver.java:552)
at org.openqa.selenium.remote.RemoteWebDriver.findElement(RemoteWebDriver.java:323)
at org.openqa.selenium.remote.RemoteWebDriver.findElementByXPath(RemoteWebDriver.java:428)
at org.openqa.selenium.By$ByXPath.findElement(By.java:353)
at org.openqa.selenium.remote.RemoteWebDriver.findElement(RemoteWebDriver.java:315)
at org.openqa.selenium.support.ui.ExpectedConditions$7.apply(ExpectedConditions.java:205)
at org.openqa.selenium.support.ui.ExpectedConditions$7.apply(ExpectedConditions.java:201)
at org.openqa.selenium.support.ui.FluentWait.until(FluentWait.java:249)
... 23 more
... Removed 20 stack frames]]>
    </failure>
  </testcase> <!-- TC_Post_01_Create_New_Post_At_Admin_Page -->
</testsuite> <!-- Run on CHROME -->
