<?xml version="1.0" encoding="UTF-8"?>
<testsuite name="Run on FIREFOX"
           tests="3"
           failures="0"
           errors="0"
           skipped="0"
           time="104.916">
  <properties />
  
  
            <testcase name="TC_Post_02_Edit_Post_At_Admin_Page" time="34.943" classname="com.wordpress.post.Post_01_Create_View_Edit_Delete" />
                <testcase name="TC_Post_03_Delete_Post_At_Admin_Page" time="40.514" classname="com.wordpress.post.Post_01_Create_View_Edit_Delete" />
                <testcase name="TC_Post_01_Create_New_Post_At_Admin_Page" time="29.459" classname="com.wordpress.post.Post_01_Create_View_Edit_Delete" />
      
</testsuite>
