<?xml version="1.0" encoding="UTF-8"?>
<testng-results skipped="0" failed="1" ignored="0" total="2" passed="1">
  <reporter-output>
    <line>
      <![CDATA[2020-09-17 16:51:26,099 INFO  com.wordpress.post.Post_01_Create_View_Edit_Delete - Pre-condition - Open browser
]]>
    </line>
    <line>
      <![CDATA[2020-09-17 16:51:34,524 INFO  com.wordpress.post.Post_01_Create_View_Edit_Delete - Pre-condition - STEP 01: Open Login Page Admin
]]>
    </line>
    <line>
      <![CDATA[2020-09-17 16:51:34,527 INFO  com.wordpress.post.Post_01_Create_View_Edit_Delete - Pre-condition - STEP 02: Input To 'Email' textbox 
]]>
    </line>
    <line>
      <![CDATA[2020-09-17 16:51:34,719 INFO  com.wordpress.post.Post_01_Create_View_Edit_Delete - Pre-condition - STEP 03: Click to 'Continue' button
]]>
    </line>
    <line>
      <![CDATA[2020-09-17 16:51:34,806 INFO  com.wordpress.post.Post_01_Create_View_Edit_Delete - Pre-condition - STEP 04: Input to 'Password' textbox
]]>
    </line>
    <line>
      <![CDATA[2020-09-17 16:51:35,452 INFO  com.wordpress.post.Post_01_Create_View_Edit_Delete - Pre-condition - STEP 05: Click to 'Login' button
]]>
    </line>
    <line>
      <![CDATA[2020-09-17 16:51:35,517 INFO  com.wordpress.post.Post_01_Create_View_Edit_Delete - Pre-condition - STEP 06: Verify Dashboard Header Displayed
]]>
    </line>
    <line>
      <![CDATA[2020-09-17 16:51:48,122 INFO  com.wordpress.post.Post_01_Create_View_Edit_Delete -  -------------------------- PASSED -------------------------- 
]]>
    </line>
    <line>
      <![CDATA[2020-09-17 16:51:48,859 INFO  com.wordpress.post.Post_01_Create_View_Edit_Delete -  -------------------------- PASSED -------------------------- 
]]>
    </line>
    <line>
      <![CDATA[2020-09-17 16:51:55,556 INFO  com.wordpress.post.Post_01_Create_View_Edit_Delete -  -------------------------- PASSED -------------------------- 
]]>
    </line>
    <line>
      <![CDATA[2020-09-17 16:51:57,761 INFO  com.wordpress.post.Post_01_Create_View_Edit_Delete -  -------------------------- PASSED -------------------------- 
]]>
    </line>
    <line>
      <![CDATA[2020-09-17 16:51:58,712 INFO  com.wordpress.post.Post_01_Create_View_Edit_Delete -  -------------------------- PASSED -------------------------- 
]]>
    </line>
    <line>
      <![CDATA[2020-09-17 16:51:58,774 INFO  com.wordpress.post.Post_01_Create_View_Edit_Delete -  -------------------------- PASSED -------------------------- 
]]>
    </line>
    <line>
      <![CDATA[2020-09-17 16:51:59,508 INFO  com.wordpress.post.Post_01_Create_View_Edit_Delete -  -------------------------- PASSED -------------------------- 
]]>
    </line>
    <line>
      <![CDATA[2020-09-17 16:51:59,550 INFO  com.wordpress.post.Post_01_Create_View_Edit_Delete -  -------------------------- PASSED -------------------------- 
]]>
    </line>
    <line>
      <![CDATA[2020-09-17 16:51:59,608 INFO  com.wordpress.post.Post_01_Create_View_Edit_Delete -  -------------------------- FAILED -------------------------- 
]]>
    </line>
    <line>
      <![CDATA[2020-09-17 16:51:59,653 INFO  com.wordpress.post.Post_01_Create_View_Edit_Delete -  -------------------------- PASSED -------------------------- 
]]>
    </line>
    <line>
      <![CDATA[2020-09-17 16:51:59,702 INFO  com.wordpress.post.Post_01_Create_View_Edit_Delete -  -------------------------- PASSED -------------------------- 
]]>
    </line>
    <line>
      <![CDATA[2020-09-17 16:51:59,745 INFO  com.wordpress.post.Post_01_Create_View_Edit_Delete -  -------------------------- PASSED -------------------------- 
]]>
    </line>
    <line>
      <![CDATA[2020-09-17 16:52:00,605 INFO  com.wordpress.post.Post_01_Create_View_Edit_Delete -  -------------------------- PASSED -------------------------- 
]]>
    </line>
    <line>
      <![CDATA[2020-09-17 16:52:00,643 INFO  com.wordpress.post.Post_01_Create_View_Edit_Delete -  -------------------------- PASSED -------------------------- 
]]>
    </line>
    <line>
      <![CDATA[2020-09-17 16:52:00,703 INFO  com.wordpress.post.Post_01_Create_View_Edit_Delete -  -------------------------- PASSED -------------------------- 
]]>
    </line>
    <line>
      <![CDATA[2020-09-17 16:52:03,338 INFO  com.wordpress.post.Post_01_Create_View_Edit_Delete -  -------------------------- PASSED -------------------------- 
]]>
    </line>
    <line>
      <![CDATA[2020-09-17 16:52:14,316 INFO  com.wordpress.post.Post_01_Create_View_Edit_Delete -  -------------------------- PASSED -------------------------- 
]]>
    </line>
    <line>
      <![CDATA[2020-09-17 16:52:15,069 INFO  com.wordpress.post.Post_01_Create_View_Edit_Delete -  -------------------------- PASSED -------------------------- 
]]>
    </line>
    <line>
      <![CDATA[2020-09-17 16:52:15,123 INFO  com.wordpress.post.Post_01_Create_View_Edit_Delete -  -------------------------- PASSED -------------------------- 
]]>
    </line>
    <line>
      <![CDATA[2020-09-17 16:52:15,959 INFO  com.wordpress.post.Post_01_Create_View_Edit_Delete -  -------------------------- PASSED -------------------------- 
]]>
    </line>
    <line>
      <![CDATA[2020-09-17 16:52:15,995 INFO  com.wordpress.post.Post_01_Create_View_Edit_Delete -  -------------------------- PASSED -------------------------- 
]]>
    </line>
    <line>
      <![CDATA[2020-09-17 16:52:16,055 INFO  com.wordpress.post.Post_01_Create_View_Edit_Delete -  -------------------------- PASSED -------------------------- 
]]>
    </line>
    <line>
      <![CDATA[2020-09-17 16:52:16,105 INFO  com.wordpress.post.Post_01_Create_View_Edit_Delete -  -------------------------- PASSED -------------------------- 
]]>
    </line>
    <line>
      <![CDATA[2020-09-17 16:52:16,144 INFO  com.wordpress.post.Post_01_Create_View_Edit_Delete -  -------------------------- PASSED -------------------------- 
]]>
    </line>
    <line>
      <![CDATA[2020-09-17 16:52:16,187 INFO  com.wordpress.post.Post_01_Create_View_Edit_Delete -  -------------------------- PASSED -------------------------- 
]]>
    </line>
    <line>
      <![CDATA[2020-09-17 16:52:17,027 INFO  com.wordpress.post.Post_01_Create_View_Edit_Delete -  -------------------------- PASSED -------------------------- 
]]>
    </line>
    <line>
      <![CDATA[2020-09-17 16:52:17,067 INFO  com.wordpress.post.Post_01_Create_View_Edit_Delete -  -------------------------- PASSED -------------------------- 
]]>
    </line>
    <line>
      <![CDATA[2020-09-17 16:52:17,116 INFO  com.wordpress.post.Post_01_Create_View_Edit_Delete -  -------------------------- PASSED -------------------------- 
]]>
    </line>
    <line>
      <![CDATA[2020-09-17 16:52:17,117 INFO  com.wordpress.post.Post_01_Create_View_Edit_Delete - Post condition - Close browser 
]]>
    </line>
  </reporter-output>
  <suite name="Wordpress" duration-ms="51723" started-at="2020-09-17T09:51:26Z" finished-at="2020-09-17T09:52:17Z">
    <groups>
    </groups>
    <test name="Run on CHROME" duration-ms="51723" started-at="2020-09-17T09:51:26Z" finished-at="2020-09-17T09:52:17Z">
      <class name="com.wordpress.post.Post_01_Create_View_Edit_Delete">
        <test-method status="PASS" signature="beforeClass(java.lang.String, java.lang.String)[pri:0, instance:com.wordpress.post.Post_01_Create_View_Edit_Delete@6483f5ae]" name="beforeClass" is-config="true" duration-ms="11631" started-at="2020-09-17T09:51:26Z" finished-at="2020-09-17T09:51:37Z">
          <params>
            <param index="0">
              <value>
                <![CDATA[chrome]]>
              </value>
            </param>
            <param index="1">
              <value>
                <![CDATA[https://automationfc.wordpress.com/wp-admin/]]>
              </value>
            </param>
          </params>
          <reporter-output>
            <line>
              <![CDATA[2020-09-17 16:51:26,099 INFO  com.wordpress.post.Post_01_Create_View_Edit_Delete - Pre-condition - Open browser
]]>
            </line>
            <line>
              <![CDATA[2020-09-17 16:51:34,524 INFO  com.wordpress.post.Post_01_Create_View_Edit_Delete - Pre-condition - STEP 01: Open Login Page Admin
]]>
            </line>
            <line>
              <![CDATA[2020-09-17 16:51:34,527 INFO  com.wordpress.post.Post_01_Create_View_Edit_Delete - Pre-condition - STEP 02: Input To 'Email' textbox 
]]>
            </line>
            <line>
              <![CDATA[2020-09-17 16:51:34,719 INFO  com.wordpress.post.Post_01_Create_View_Edit_Delete - Pre-condition - STEP 03: Click to 'Continue' button
]]>
            </line>
            <line>
              <![CDATA[2020-09-17 16:51:34,806 INFO  com.wordpress.post.Post_01_Create_View_Edit_Delete - Pre-condition - STEP 04: Input to 'Password' textbox
]]>
            </line>
            <line>
              <![CDATA[2020-09-17 16:51:35,452 INFO  com.wordpress.post.Post_01_Create_View_Edit_Delete - Pre-condition - STEP 05: Click to 'Login' button
]]>
            </line>
            <line>
              <![CDATA[2020-09-17 16:51:35,517 INFO  com.wordpress.post.Post_01_Create_View_Edit_Delete - Pre-condition - STEP 06: Verify Dashboard Header Displayed
]]>
            </line>
          </reporter-output>
        </test-method> <!-- beforeClass -->
        <test-method status="FAIL" signature="TC_Post_01_Create_New_Post_At_Admin_Page()[pri:0, instance:com.wordpress.post.Post_01_Create_View_Edit_Delete@6483f5ae]" name="TC_Post_01_Create_New_Post_At_Admin_Page" duration-ms="22983" started-at="2020-09-17T09:51:37Z" finished-at="2020-09-17T09:52:00Z">
          <exception class="java.lang.AssertionError">
            <message>
              <![CDATA[expected [true] but found [false]]]>
            </message>
            <full-stacktrace>
              <![CDATA[java.lang.AssertionError: expected [true] but found [false]
at org.testng.Assert.fail(Assert.java:96)
at org.testng.Assert.failNotEquals(Assert.java:776)
at org.testng.Assert.assertTrue(Assert.java:44)
at org.testng.Assert.assertTrue(Assert.java:54)
at commons.AbstractTest.checkTrue(AbstractTest.java:111)
at commons.AbstractTest.verifyTrue(AbstractTest.java:151)
at com.wordpress.post.Post_01_Create_View_Edit_Delete.TC_Post_01_Create_New_Post_At_Admin_Page(Post_01_Create_View_Edit_Delete.java:101)
at sun.reflect.NativeMethodAccessorImpl.invoke0(Native Method)
at sun.reflect.NativeMethodAccessorImpl.invoke(NativeMethodAccessorImpl.java:62)
at sun.reflect.DelegatingMethodAccessorImpl.invoke(DelegatingMethodAccessorImpl.java:43)
at java.lang.reflect.Method.invoke(Method.java:498)
at org.testng.internal.MethodInvocationHelper.invokeMethod(MethodInvocationHelper.java:124)
at org.testng.internal.Invoker.invokeMethod(Invoker.java:583)
at org.testng.internal.Invoker.invokeTestMethod(Invoker.java:719)
at org.testng.internal.Invoker.invokeTestMethods(Invoker.java:989)
at org.testng.internal.TestMethodWorker.invokeTestMethods(TestMethodWorker.java:125)
at org.testng.internal.TestMethodWorker.run(TestMethodWorker.java:109)
at org.testng.TestRunner.privateRun(TestRunner.java:648)
at org.testng.TestRunner.run(TestRunner.java:505)
at org.testng.SuiteRunner.runTest(SuiteRunner.java:455)
at org.testng.SuiteRunner.access$000(SuiteRunner.java:40)
at org.testng.SuiteRunner$SuiteWorker.run(SuiteRunner.java:489)
at org.testng.internal.thread.ThreadUtil$1.call(ThreadUtil.java:52)
at java.util.concurrent.FutureTask.run(FutureTask.java:266)
at java.util.concurrent.ThreadPoolExecutor.runWorker(ThreadPoolExecutor.java:1149)
at java.util.concurrent.ThreadPoolExecutor$Worker.run(ThreadPoolExecutor.java:624)
at java.lang.Thread.run(Thread.java:748)
]]>
            </full-stacktrace>
          </exception> <!-- java.lang.AssertionError -->
          <reporter-output>
            <line>
              <![CDATA[2020-09-17 16:51:48,122 INFO  com.wordpress.post.Post_01_Create_View_Edit_Delete -  -------------------------- PASSED -------------------------- 
]]>
            </line>
            <line>
              <![CDATA[2020-09-17 16:51:48,859 INFO  com.wordpress.post.Post_01_Create_View_Edit_Delete -  -------------------------- PASSED -------------------------- 
]]>
            </line>
            <line>
              <![CDATA[2020-09-17 16:51:55,556 INFO  com.wordpress.post.Post_01_Create_View_Edit_Delete -  -------------------------- PASSED -------------------------- 
]]>
            </line>
            <line>
              <![CDATA[2020-09-17 16:51:57,761 INFO  com.wordpress.post.Post_01_Create_View_Edit_Delete -  -------------------------- PASSED -------------------------- 
]]>
            </line>
            <line>
              <![CDATA[2020-09-17 16:51:58,712 INFO  com.wordpress.post.Post_01_Create_View_Edit_Delete -  -------------------------- PASSED -------------------------- 
]]>
            </line>
            <line>
              <![CDATA[2020-09-17 16:51:58,774 INFO  com.wordpress.post.Post_01_Create_View_Edit_Delete -  -------------------------- PASSED -------------------------- 
]]>
            </line>
            <line>
              <![CDATA[2020-09-17 16:51:59,508 INFO  com.wordpress.post.Post_01_Create_View_Edit_Delete -  -------------------------- PASSED -------------------------- 
]]>
            </line>
            <line>
              <![CDATA[2020-09-17 16:51:59,550 INFO  com.wordpress.post.Post_01_Create_View_Edit_Delete -  -------------------------- PASSED -------------------------- 
]]>
            </line>
            <line>
              <![CDATA[2020-09-17 16:51:59,608 INFO  com.wordpress.post.Post_01_Create_View_Edit_Delete -  -------------------------- FAILED -------------------------- 
]]>
            </line>
            <line>
              <![CDATA[2020-09-17 16:51:59,653 INFO  com.wordpress.post.Post_01_Create_View_Edit_Delete -  -------------------------- PASSED -------------------------- 
]]>
            </line>
            <line>
              <![CDATA[2020-09-17 16:51:59,702 INFO  com.wordpress.post.Post_01_Create_View_Edit_Delete -  -------------------------- PASSED -------------------------- 
]]>
            </line>
            <line>
              <![CDATA[2020-09-17 16:51:59,745 INFO  com.wordpress.post.Post_01_Create_View_Edit_Delete -  -------------------------- PASSED -------------------------- 
]]>
            </line>
            <line>
              <![CDATA[2020-09-17 16:52:00,605 INFO  com.wordpress.post.Post_01_Create_View_Edit_Delete -  -------------------------- PASSED -------------------------- 
]]>
            </line>
            <line>
              <![CDATA[2020-09-17 16:52:00,643 INFO  com.wordpress.post.Post_01_Create_View_Edit_Delete -  -------------------------- PASSED -------------------------- 
]]>
            </line>
            <line>
              <![CDATA[2020-09-17 16:52:00,703 INFO  com.wordpress.post.Post_01_Create_View_Edit_Delete -  -------------------------- PASSED -------------------------- 
]]>
            </line>
          </reporter-output>
        </test-method> <!-- TC_Post_01_Create_New_Post_At_Admin_Page -->
        <test-method status="PASS" signature="TC_Post_02_Edit_Post_At_Admin_Page()[pri:0, instance:com.wordpress.post.Post_01_Create_View_Edit_Delete@6483f5ae]" name="TC_Post_02_Edit_Post_At_Admin_Page" duration-ms="16410" started-at="2020-09-17T09:52:00Z" finished-at="2020-09-17T09:52:17Z">
          <reporter-output>
            <line>
              <![CDATA[2020-09-17 16:52:03,338 INFO  com.wordpress.post.Post_01_Create_View_Edit_Delete -  -------------------------- PASSED -------------------------- 
]]>
            </line>
            <line>
              <![CDATA[2020-09-17 16:52:14,316 INFO  com.wordpress.post.Post_01_Create_View_Edit_Delete -  -------------------------- PASSED -------------------------- 
]]>
            </line>
            <line>
              <![CDATA[2020-09-17 16:52:15,069 INFO  com.wordpress.post.Post_01_Create_View_Edit_Delete -  -------------------------- PASSED -------------------------- 
]]>
            </line>
            <line>
              <![CDATA[2020-09-17 16:52:15,123 INFO  com.wordpress.post.Post_01_Create_View_Edit_Delete -  -------------------------- PASSED -------------------------- 
]]>
            </line>
            <line>
              <![CDATA[2020-09-17 16:52:15,959 INFO  com.wordpress.post.Post_01_Create_View_Edit_Delete -  -------------------------- PASSED -------------------------- 
]]>
            </line>
            <line>
              <![CDATA[2020-09-17 16:52:15,995 INFO  com.wordpress.post.Post_01_Create_View_Edit_Delete -  -------------------------- PASSED -------------------------- 
]]>
            </line>
            <line>
              <![CDATA[2020-09-17 16:52:16,055 INFO  com.wordpress.post.Post_01_Create_View_Edit_Delete -  -------------------------- PASSED -------------------------- 
]]>
            </line>
            <line>
              <![CDATA[2020-09-17 16:52:16,105 INFO  com.wordpress.post.Post_01_Create_View_Edit_Delete -  -------------------------- PASSED -------------------------- 
]]>
            </line>
            <line>
              <![CDATA[2020-09-17 16:52:16,144 INFO  com.wordpress.post.Post_01_Create_View_Edit_Delete -  -------------------------- PASSED -------------------------- 
]]>
            </line>
            <line>
              <![CDATA[2020-09-17 16:52:16,187 INFO  com.wordpress.post.Post_01_Create_View_Edit_Delete -  -------------------------- PASSED -------------------------- 
]]>
            </line>
            <line>
              <![CDATA[2020-09-17 16:52:17,027 INFO  com.wordpress.post.Post_01_Create_View_Edit_Delete -  -------------------------- PASSED -------------------------- 
]]>
            </line>
            <line>
              <![CDATA[2020-09-17 16:52:17,067 INFO  com.wordpress.post.Post_01_Create_View_Edit_Delete -  -------------------------- PASSED -------------------------- 
]]>
            </line>
            <line>
              <![CDATA[2020-09-17 16:52:17,116 INFO  com.wordpress.post.Post_01_Create_View_Edit_Delete -  -------------------------- PASSED -------------------------- 
]]>
            </line>
          </reporter-output>
        </test-method> <!-- TC_Post_02_Edit_Post_At_Admin_Page -->
        <test-method status="PASS" signature="afterClass()[pri:0, instance:com.wordpress.post.Post_01_Create_View_Edit_Delete@6483f5ae]" name="afterClass" is-config="true" duration-ms="685" started-at="2020-09-17T09:52:17Z" finished-at="2020-09-17T09:52:17Z">
          <reporter-output>
            <line>
              <![CDATA[2020-09-17 16:52:17,117 INFO  com.wordpress.post.Post_01_Create_View_Edit_Delete - Post condition - Close browser 
]]>
            </line>
          </reporter-output>
        </test-method> <!-- afterClass -->
      </class> <!-- com.wordpress.post.Post_01_Create_View_Edit_Delete -->
    </test> <!-- Run on CHROME -->
  </suite> <!-- Wordpress -->
</testng-results>
